<?xml version="1.0" encoding="UTF-8"?>
<testsuite name="tests.RegistrationTests" tests="1" skipped="0" failures="0" errors="0" timestamp="2022-07-05T11:41:56" hostname="ALEXPC" time="3.584">
  <properties/>
  <testcase name="registrationSuccess" classname="tests.RegistrationTests" time="3.584"/>
  <system-out><![CDATA[]]></system-out>
  <system-err><![CDATA[]]></system-err>
</testsuite>
