<?xml version="1.0" encoding="UTF-8"?>
<testsuite name="tests.LoginTests" tests="2" skipped="0" failures="0" errors="0" timestamp="2022-06-26T17:54:40" hostname="ALEXPC" time="10.041">
  <properties/>
  <testcase name="loginASuccess" classname="tests.LoginTests" time="3.025"/>
  <testcase name="loginNegativeTestWrongEmail" classname="tests.LoginTests" time="0.703"/>
  <system-out><![CDATA[]]></system-out>
  <system-err><![CDATA[]]></system-err>
</testsuite>
