<?xml version="1.0" encoding="UTF-8"?>
<testsuite name="tests.AddNewContactTests" tests="1" skipped="0" failures="0" errors="0" timestamp="2022-07-10T17:53:57" hostname="ALEXPC" time="9.251">
  <properties/>
  <testcase name="addNewContactSuccess" classname="tests.AddNewContactTests" time="9.251"/>
  <system-out><![CDATA[]]></system-out>
  <system-err><![CDATA[]]></system-err>
</testsuite>
