<?xml version="1.0" encoding="UTF-8"?>
<testsuite name="tests.AddNewContact" tests="1" skipped="0" failures="0" errors="0" timestamp="2022-07-08T15:31:01" hostname="ALEXPC" time="6.56">
  <properties/>
  <testcase name="addNewContactSuccess" classname="tests.AddNewContact" time="6.56"/>
  <system-out><![CDATA[]]></system-out>
  <system-err><![CDATA[]]></system-err>
</testsuite>
